================================================================
======== Log Rotated - 3/29/2025, 12:00:00 AM                   
================================================================
[12:24:21 PM] [qc6db#2] Bangalore Mafia Yt: joined with identifiers [license:6d10…aeb0, discord:1248…1215, license2:3123…6018]
[12:26:27 PM] [qc6db#2] Bangalore Mafia Yt: disconnected (Server->client connection timed out. Last seen 53056 msec ago.)
[12:29:46 PM] [qc6db#3] Bangalore Mafia Yt: joined with identifiers [license:6d10…aeb0, discord:1248…1215, license2:3123…6018]
[12:48:21 PM] [qc6db#3] Bangalore Mafia Yt: disconnected (Server->client connection timed out. Last seen 42698 msec ago.)
[12:49:42 PM] [qc6db#4] Bangalore Mafia Yt: joined with identifiers [license:6d10…aeb0, discord:1248…1215, license2:3123…6018]
[12:51:35 PM] [qc6db#4] Bangalore Mafia Yt: disconnected (Server->client connection timed out. Last seen 314 msec ago.)
[12:52:40 PM] [qc6db#5] Bangalore Mafia Yt: joined with identifiers [license:6d10…aeb0, discord:1248…1215, license2:3123…6018]
[12:56:24 PM] [qc6db#5] Bangalore Mafia Yt: said "/taxi"
[12:57:02 PM] [qc6db#5] Bangalore Mafia Yt: said "/taxi"
[1:01:17 PM] [qc6db#6] abhishekangadi.25: joined with identifiers [license:4252…f1d9, live:8444…1597, discord:6629…4036, fivem:16525418, license2:4252…f1d9]
[1:01:27 PM] [qc6db#5] Bangalore Mafia Yt: disconnected (Server->client connection timed out. Pending commands: 89.	Command list:	QBCore:Player:SetPlayerData (2763 B, 80 msec ago)	QBCore:Client:VehicleInfo (83 B, 34048 msec ago)	QBCore:Client:VehicleInfo (79 B, 80 msec ago)	chatMessage (59 B, 10873 msec ago)	QBCore:Notify (55 B, 80 msec ago)	qb-weathersync:client:SyncTime (51 B, 32897 msec ago)	qb-weathersync:client:SyncTime (51 B, 34048 msec ago)	)
[1:04:20 PM] [qc6db#6] abhishekangadi.25: disconnected (Exiting)
[4:30:18 PM] [qc6db#7] user: joined with identifiers [license:2920…1ec5, discord:8946…2441, fivem:15558152, license2:2920…1ec5]
[4:39:24 PM] [qc6db#7] user: said "/ADMIN]"
[4:39:37 PM] [qc6db#7] user: disconnected (Exiting)
[4:40:03 PM] [qc6db#8] user: joined with identifiers [license:2920…1ec5, discord:8946…2441, fivem:15558152, license2:2920…1ec5]
[4:40:41 PM] [qc6db#9] jann kumar: joined with identifiers [license:9fef…345a, xbl:2535…5277, live:9851…5411, fivem:16219941, license2:9fef…345a]
[4:40:54 PM] txAdmin: Logger started
[4:41:32 PM] [HQCiB#1] user: joined with identifiers [license:2920…1ec5, discord:8946…2441, fivem:15558152, license2:2920…1ec5]
[4:41:59 PM] [HQCiB#2] jann kumar: joined with identifiers [license:9fef…345a, xbl:2535…5277, live:9851…5411, fivem:16219941, license2:9fef…345a]
[4:43:33 PM] [HQCiB#2] jann kumar: said "hi"
[4:49:34 PM] [HQCiB#2] jann kumar: died from suicide (Falling)
[4:50:31 PM] [HQCiB#1] user: said "/admi"
[4:50:41 PM] [HQCiB#1] user: said "/ref"
[4:52:20 PM] [HQCiB#1] user: said "t/admin"
[4:53:13 PM] [HQCiB#3] PC: joined with identifiers [license:4252…f1d9, live:8444…1597, discord:6629…4036, fivem:16525418, license2:4252…f1d9]
[4:53:50 PM] [HQCiB#1] user: died from suicide (Fist)
[5:03:57 PM] [HQCiB#1] user: said "/ITEMAMMO"
[5:04:02 PM] [HQCiB#1] user: said "/AMMO"
[5:08:10 PM] [HQCiB#1] user: died from Fist by jann kumar
[5:10:33 PM] [HQCiB#1] user: died from Special Carbine Mk2 by jann kumar
[5:10:37 PM] [HQCiB#1] user: said "/rev"
[5:10:47 PM] [HQCiB#1] user: died from Special Carbine Mk2 by jann kumar
[5:10:59 PM] [HQCiB#2] jann kumar: died from Fist by user
[5:11:52 PM] [HQCiB#1] user: died from Special Carbine Mk2 by jann kumar
[5:12:03 PM] [HQCiB#1] user: died from Special Carbine Mk2 by jann kumar
[5:13:43 PM] [HQCiB#1] user: said "/giveaddcash"
[5:18:55 PM] [HQCiB#2] jann kumar: died from Special Carbine by user
[5:19:28 PM] [HQCiB#1] user: died from Special Carbine Mk2 by jann kumar
[5:20:03 PM] [HQCiB#3] PC: died from Special Carbine by user
[5:20:05 PM] [HQCiB#2] jann kumar: died from Special Carbine by user
[5:20:15 PM] [HQCiB#1] user: said "t/revive 3"
[5:20:53 PM] [HQCiB#3] PC: died from suicide (Falling)
[5:21:30 PM] [HQCiB#1] user: died from Special Carbine Mk2 by jann kumar
[5:21:37 PM] [HQCiB#1] user: died from Special Carbine Mk2 by jann kumar
[5:22:06 PM] [HQCiB#2] jann kumar: died from Special Carbine by user
[5:22:10 PM] [HQCiB#2] jann kumar: died from Special Carbine by user
[5:22:11 PM] [HQCiB#1] user: died from suicide (Falling)
[5:22:32 PM] [HQCiB#1] user: died from Special Carbine Mk2 by jann kumar
[5:24:08 PM] [HQCiB#1] user: died from Special Carbine Mk2 by jann kumar
[5:24:33 PM] [HQCiB#1] user: died from Special Carbine Mk2 by jann kumar
[5:25:01 PM] [HQCiB#1] user: died from Special Carbine Mk2 by jann kumar
[5:25:26 PM] [HQCiB#1] user: died from Special Carbine Mk2 by jann kumar
[5:25:53 PM] [HQCiB#1] user: died from Special Carbine Mk2 by jann kumar
[5:26:30 PM] [HQCiB#1] user: died from Special Carbine Mk2 by jann kumar
[5:27:24 PM] [HQCiB#3] PC: died from Special Carbine Mk2 by jann kumar
[5:28:13 PM] [HQCiB#3] PC: died from Special Carbine Mk2 by jann kumar
[5:28:19 PM] [HQCiB#1] user: died from suicide
[5:28:24 PM] [HQCiB#3] PC: caused an explosion (PLANE)
[5:28:56 PM] [HQCiB#1] user: died from Special Carbine Mk2 by jann kumar
[5:29:11 PM] [HQCiB#2] jann kumar: died from Carbine Rifle Mk2 by PC
[5:29:16 PM] [HQCiB#1] user: died from Carbine Rifle Mk2 by PC
[5:29:23 PM] [HQCiB#1] user: said "/revive2"
[5:29:30 PM] [HQCiB#3] PC: died from Special Carbine Mk2 by jann kumar
[5:30:06 PM] [HQCiB#1] user: died from Special Carbine Mk2 by jann kumar
[5:30:29 PM] [HQCiB#2] jann kumar: died from Special Carbine by user
[5:30:34 PM] [HQCiB#2] jann kumar: died from Special Carbine by user
[5:30:41 PM] [HQCiB#1] user: died from Carbine Rifle Mk2 by PC
[5:30:58 PM] [HQCiB#2] jann kumar: said "/reivew"
[5:31:22 PM] [HQCiB#2] jann kumar: died from Carbine Rifle Mk2 by PC
[5:31:54 PM] [HQCiB#1] user: said "/revive2"
[5:32:28 PM] [HQCiB#2] jann kumar: said "/give item 2 radio"
[5:33:52 PM] [HQCiB#2] jann kumar: said "/give item 2 radio"
[5:33:55 PM] [HQCiB#2] jann kumar: said "/give item 2 radio"
[5:33:57 PM] [HQCiB#1] user: died from Carbine Rifle Mk2 by PC
[5:34:05 PM] [HQCiB#2] jann kumar: said "/give item 2 radio"
[5:34:17 PM] [HQCiB#2] jann kumar: died from Carbine Rifle Mk2 by PC
[5:34:19 PM] [HQCiB#1] user: died from Carbine Rifle Mk2 by PC
[5:37:21 PM] [HQCiB#3] PC: died from Special Carbine Mk2 by jann kumar
[5:38:44 PM] [HQCiB#3] PC: died from Special Carbine Mk2 by jann kumar
[5:39:20 PM] [HQCiB#3] PC: died from Special Carbine Mk2 by jann kumar
[5:40:13 PM] [HQCiB#3] PC: died from Special Carbine Mk2 by jann kumar
[5:40:19 PM] [HQCiB#2] jann kumar: died from suicide (Falling)
[5:41:03 PM] [HQCiB#2] jann kumar: died from Carbine Rifle Mk2 by PC
[5:41:24 PM] [HQCiB#3] PC: died from Special Carbine Mk2 by jann kumar
[5:41:59 PM] [HQCiB#1] user: caused an explosion (PLANE)
[5:42:15 PM] [HQCiB#3] PC: died from Special Carbine Mk2 by jann kumar
[5:43:17 PM] [HQCiB#2] jann kumar: died from Carbine Rifle Mk2 by PC
[5:45:49 PM] [HQCiB#3] PC: said "nnnn"
[5:46:14 PM] [HQCiB#3] PC: died from Carbine Rifle by jann kumar
[5:46:21 PM] [HQCiB#3] PC: said "nnnn"
[5:46:37 PM] [HQCiB#2] jann kumar: died from suicide (Falling)
[5:49:51 PM] [HQCiB#2] jann kumar: died from suicide (Falling)
[5:50:38 PM] [HQCiB#3] PC: died from suicide (Falling)
[5:55:21 PM] [HQCiB#2] jann kumar: died from suicide
[5:57:38 PM] [HQCiB#3] PC: disconnected (Exiting)
[5:58:46 PM] [HQCiB#2] jann kumar: died from Special Carbine by user
[5:58:56 PM] [HQCiB#2] jann kumar: died from Special Carbine by user
[6:05:01 PM] [HQCiB#2] jann kumar: caused an explosion (PLANE)
[6:08:03 PM] [HQCiB#2] jann kumar: died from Special Carbine by user
[6:08:10 PM] [HQCiB#2] jann kumar: died from Special Carbine by user
[6:10:09 PM] [HQCiB#2] jann kumar: disconnected (Server->client connection timed out. Last seen 50292 msec ago.)
[6:14:44 PM] [HQCiB#1] user: caused an explosion (PLANE)
[6:17:04 PM] [HQCiB#4] PC: joined with identifiers [license:4252…f1d9, live:8444…1597, discord:6629…4036, fivem:16525418, license2:4252…f1d9]
[6:17:50 PM] [HQCiB#1] user: disconnected (Exiting)
[6:32:21 PM] [HQCiB#4] PC: disconnected (Exiting)
[6:52:10 PM] [HQCiB#5] user: joined with identifiers [license:2920…1ec5, discord:8946…2441, fivem:15558152, license2:2920…1ec5]
[6:58:36 PM] [HQCiB#5] user: died from suicide (Ranover by Vehicle)
[6:59:45 PM] [HQCiB#5] user: disconnected (Exiting)
[7:00:49 PM] txAdmin: Logger started
[7:01:19 PM] [mAWQj#1] VAGMAN: joined with identifiers [license:2920…1ec5, discord:8946…2441, fivem:15558152, license2:2920…1ec5]
[7:13:14 PM] [mAWQj#1] VAGMAN: died from suicide
[7:18:23 PM] [mAWQj#1] VAGMAN: died from suicide (Falling)
[7:18:35 PM] [mAWQj#1] VAGMAN: said "ADMIN"
[7:20:24 PM] [mAWQj#1] VAGMAN: said "/VIP["
[7:32:46 PM] [mAWQj#1] VAGMAN: disconnected (Exiting)
